<?xml version="1.0" encoding="UTF-8"?>
<testsuite name="backend.BackendTests" tests="1" skipped="0" failures="0" errors="0" timestamp="2025-03-17T11:54:33" hostname="DESKTOP-4HLMLQ7" time="8.232">
  <properties/>
  <testcase name="Успешная регистрация" classname="backend.BackendTests" time="8.232"/>
  <system-out><![CDATA[]]></system-out>
  <system-err><![CDATA[]]></system-err>
</testsuite>
